<?xml version="1.0" encoding="UTF-8"?>
<testng-results skipped="0" failed="0" total="1" passed="1">
  <reporter-output>
  </reporter-output>
  <suite name="Flight booking test suite" duration-ms="22792" started-at="2016-09-08T15:42:57Z" finished-at="2016-09-08T15:43:20Z">
    <groups>
    </groups>
    <test name="One way test" duration-ms="22792" started-at="2016-09-08T15:42:57Z" finished-at="2016-09-08T15:43:20Z">
      <class name="com.lufthansa.flights.Booking">
        <test-method status="PASS" signature="beforeClass()[pri:0, instance:com.lufthansa.flights.Booking@6442b0a6]" name="beforeClass" is-config="true" duration-ms="12786" started-at="2016-09-08T16:42:57Z" finished-at="2016-09-08T16:43:10Z">
          <reporter-output>
          </reporter-output>
        </test-method> <!-- beforeClass -->
        <test-method status="PASS" signature="roundTripTest()[pri:0, instance:com.lufthansa.flights.Booking@6442b0a6]" name="roundTripTest" duration-ms="6289" started-at="2016-09-08T16:43:10Z" finished-at="2016-09-08T16:43:16Z">
          <reporter-output>
          </reporter-output>
        </test-method> <!-- roundTripTest -->
        <test-method status="PASS" signature="afterMethod(org.testng.ITestResult)[pri:0, instance:com.lufthansa.flights.Booking@6442b0a6]" name="afterMethod" is-config="true" duration-ms="1" started-at="2016-09-08T16:43:16Z" finished-at="2016-09-08T16:43:16Z">
          <params>
            <param index="0">
              <value>
                <![CDATA[[TestResult name=roundTripTest status=SUCCESS method=Booking.roundTripTest()[pri:0, instance:com.lufthansa.flights.Booking@6442b0a6] output={null}]]]>
              </value>
            </param>
          </params>
          <reporter-output>
          </reporter-output>
        </test-method> <!-- afterMethod -->
        <test-method status="PASS" signature="afterClass()[pri:0, instance:com.lufthansa.flights.Booking@6442b0a6]" name="afterClass" is-config="true" duration-ms="3698" started-at="2016-09-08T16:43:16Z" finished-at="2016-09-08T16:43:20Z">
          <reporter-output>
          </reporter-output>
        </test-method> <!-- afterClass -->
      </class> <!-- com.lufthansa.flights.Booking -->
    </test> <!-- One way test -->
  </suite> <!-- Flight booking test suite -->
</testng-results>
