<?xml version="1.0" encoding="UTF-8"?>
<testng-results skipped="0" failed="0" total="1" passed="1">
  <reporter-output>
  </reporter-output>
  <suite name="Flight booking test suite" duration-ms="18871" started-at="2016-09-07T20:08:13Z" finished-at="2016-09-07T20:08:32Z">
    <groups>
    </groups>
    <test name="One way test" duration-ms="18871" started-at="2016-09-07T20:08:13Z" finished-at="2016-09-07T20:08:32Z">
      <class name="com.lufthansa.flights.Booking">
        <test-method status="PASS" signature="beforeClass()[pri:0, instance:com.lufthansa.flights.Booking@e25b2fe]" name="beforeClass" is-config="true" duration-ms="10865" started-at="2016-09-07T21:08:13Z" finished-at="2016-09-07T21:08:24Z">
          <reporter-output>
          </reporter-output>
        </test-method> <!-- beforeClass -->
        <test-method status="PASS" signature="roundTripTest()[pri:0, instance:com.lufthansa.flights.Booking@e25b2fe]" name="roundTripTest" duration-ms="5663" started-at="2016-09-07T21:08:24Z" finished-at="2016-09-07T21:08:29Z">
          <reporter-output>
          </reporter-output>
        </test-method> <!-- roundTripTest -->
        <test-method status="PASS" signature="afterMethod(org.testng.ITestResult)[pri:0, instance:com.lufthansa.flights.Booking@e25b2fe]" name="afterMethod" is-config="true" duration-ms="1" started-at="2016-09-07T21:08:29Z" finished-at="2016-09-07T21:08:29Z">
          <params>
            <param index="0">
              <value>
                <![CDATA[[TestResult name=roundTripTest status=SUCCESS method=Booking.roundTripTest()[pri:0, instance:com.lufthansa.flights.Booking@e25b2fe] output={null}]]]>
              </value>
            </param>
          </params>
          <reporter-output>
          </reporter-output>
        </test-method> <!-- afterMethod -->
        <test-method status="PASS" signature="afterClass()[pri:0, instance:com.lufthansa.flights.Booking@e25b2fe]" name="afterClass" is-config="true" duration-ms="2327" started-at="2016-09-07T21:08:29Z" finished-at="2016-09-07T21:08:32Z">
          <reporter-output>
          </reporter-output>
        </test-method> <!-- afterClass -->
      </class> <!-- com.lufthansa.flights.Booking -->
    </test> <!-- One way test -->
  </suite> <!-- Flight booking test suite -->
</testng-results>
